[29-Aug-2024 15:07:18 America/Sao_Paulo] PHP Warning:  PHP Startup: Unable to load dynamic library 'gd' (tried: /usr/lib/php/20220829/gd (/usr/lib/php/20220829/gd: cannot open shared object file: No such file or directory), /usr/lib/php/20220829/gd.so (/usr/lib/php/20220829/gd.so: cannot open shared object file: No such file or directory)) in Unknown on line 0
[29-Aug-2024 15:07:18 America/Sao_Paulo] PHP Warning:  PHP Startup: Unable to load dynamic library 'redis.so' (tried: /usr/lib/php/20220829/redis.so (/usr/lib/php/20220829/redis.so: undefined symbol: igbinary_serialize), /usr/lib/php/20220829/redis.so.so (/usr/lib/php/20220829/redis.so.so: cannot open shared object file: No such file or directory)) in Unknown on line 0
[29-Aug-2024 15:07:18 America/Sao_Paulo] PHP Warning:  PHP Startup: Unable to load dynamic library 'redis' (tried: /usr/lib/php/20220829/redis (/usr/lib/php/20220829/redis: cannot open shared object file: No such file or directory), /usr/lib/php/20220829/redis.so (/usr/lib/php/20220829/redis.so: undefined symbol: igbinary_serialize)) in Unknown on line 0
[29-Aug-2024 15:21:26 America/Sao_Paulo] PHP Warning:  PHP Startup: Unable to load dynamic library 'gd' (tried: /usr/lib/php/20220829/gd (/usr/lib/php/20220829/gd: cannot open shared object file: No such file or directory), /usr/lib/php/20220829/gd.so (/usr/lib/php/20220829/gd.so: cannot open shared object file: No such file or directory)) in Unknown on line 0
[29-Aug-2024 15:21:26 America/Sao_Paulo] PHP Warning:  PHP Startup: Unable to load dynamic library 'redis.so' (tried: /usr/lib/php/20220829/redis.so (/usr/lib/php/20220829/redis.so: undefined symbol: igbinary_serialize), /usr/lib/php/20220829/redis.so.so (/usr/lib/php/20220829/redis.so.so: cannot open shared object file: No such file or directory)) in Unknown on line 0
[29-Aug-2024 15:21:26 America/Sao_Paulo] PHP Warning:  PHP Startup: Unable to load dynamic library 'redis' (tried: /usr/lib/php/20220829/redis (/usr/lib/php/20220829/redis: cannot open shared object file: No such file or directory), /usr/lib/php/20220829/redis.so (/usr/lib/php/20220829/redis.so: undefined symbol: igbinary_serialize)) in Unknown on line 0
[29-Aug-2024 15:33:55 America/Sao_Paulo] PHP Warning:  PHP Startup: Unable to load dynamic library 'gd' (tried: /usr/lib/php/20220829/gd (/usr/lib/php/20220829/gd: cannot open shared object file: No such file or directory), /usr/lib/php/20220829/gd.so (/usr/lib/php/20220829/gd.so: cannot open shared object file: No such file or directory)) in Unknown on line 0
[29-Aug-2024 15:33:55 America/Sao_Paulo] PHP Warning:  PHP Startup: Unable to load dynamic library 'redis.so' (tried: /usr/lib/php/20220829/redis.so (/usr/lib/php/20220829/redis.so: undefined symbol: igbinary_serialize), /usr/lib/php/20220829/redis.so.so (/usr/lib/php/20220829/redis.so.so: cannot open shared object file: No such file or directory)) in Unknown on line 0
[29-Aug-2024 15:33:55 America/Sao_Paulo] PHP Warning:  PHP Startup: Unable to load dynamic library 'redis' (tried: /usr/lib/php/20220829/redis (/usr/lib/php/20220829/redis: cannot open shared object file: No such file or directory), /usr/lib/php/20220829/redis.so (/usr/lib/php/20220829/redis.so: undefined symbol: igbinary_serialize)) in Unknown on line 0
[29-Aug-2024 15:38:59 America/Sao_Paulo] PHP Warning:  PHP Startup: Unable to load dynamic library 'gd' (tried: /usr/lib/php/20220829/gd (/usr/lib/php/20220829/gd: cannot open shared object file: No such file or directory), /usr/lib/php/20220829/gd.so (/usr/lib/php/20220829/gd.so: cannot open shared object file: No such file or directory)) in Unknown on line 0
[29-Aug-2024 15:38:59 America/Sao_Paulo] PHP Warning:  PHP Startup: Unable to load dynamic library 'redis.so' (tried: /usr/lib/php/20220829/redis.so (/usr/lib/php/20220829/redis.so: undefined symbol: igbinary_serialize), /usr/lib/php/20220829/redis.so.so (/usr/lib/php/20220829/redis.so.so: cannot open shared object file: No such file or directory)) in Unknown on line 0
[29-Aug-2024 15:38:59 America/Sao_Paulo] PHP Warning:  PHP Startup: Unable to load dynamic library 'redis' (tried: /usr/lib/php/20220829/redis (/usr/lib/php/20220829/redis: cannot open shared object file: No such file or directory), /usr/lib/php/20220829/redis.so (/usr/lib/php/20220829/redis.so: undefined symbol: igbinary_serialize)) in Unknown on line 0
[29-Aug-2024 19:08:07 America/Sao_Paulo] PHP Warning:  PHP Startup: Unable to load dynamic library 'gd' (tried: /usr/lib/php/20220829/gd (/usr/lib/php/20220829/gd: cannot open shared object file: No such file or directory), /usr/lib/php/20220829/gd.so (/usr/lib/php/20220829/gd.so: cannot open shared object file: No such file or directory)) in Unknown on line 0
[29-Aug-2024 19:08:07 America/Sao_Paulo] PHP Warning:  PHP Startup: Unable to load dynamic library 'redis.so' (tried: /usr/lib/php/20220829/redis.so (/usr/lib/php/20220829/redis.so: undefined symbol: igbinary_serialize), /usr/lib/php/20220829/redis.so.so (/usr/lib/php/20220829/redis.so.so: cannot open shared object file: No such file or directory)) in Unknown on line 0
[29-Aug-2024 19:08:07 America/Sao_Paulo] PHP Warning:  PHP Startup: Unable to load dynamic library 'redis' (tried: /usr/lib/php/20220829/redis (/usr/lib/php/20220829/redis: cannot open shared object file: No such file or directory), /usr/lib/php/20220829/redis.so (/usr/lib/php/20220829/redis.so: undefined symbol: igbinary_serialize)) in Unknown on line 0
[29-Aug-2024 19:20:34 America/Sao_Paulo] PHP Warning:  PHP Startup: Unable to load dynamic library 'gd' (tried: /usr/lib/php/20220829/gd (/usr/lib/php/20220829/gd: cannot open shared object file: No such file or directory), /usr/lib/php/20220829/gd.so (/usr/lib/php/20220829/gd.so: cannot open shared object file: No such file or directory)) in Unknown on line 0
[29-Aug-2024 19:20:34 America/Sao_Paulo] PHP Warning:  PHP Startup: Unable to load dynamic library 'redis.so' (tried: /usr/lib/php/20220829/redis.so (/usr/lib/php/20220829/redis.so: undefined symbol: igbinary_serialize), /usr/lib/php/20220829/redis.so.so (/usr/lib/php/20220829/redis.so.so: cannot open shared object file: No such file or directory)) in Unknown on line 0
[29-Aug-2024 19:20:34 America/Sao_Paulo] PHP Warning:  PHP Startup: Unable to load dynamic library 'redis' (tried: /usr/lib/php/20220829/redis (/usr/lib/php/20220829/redis: cannot open shared object file: No such file or directory), /usr/lib/php/20220829/redis.so (/usr/lib/php/20220829/redis.so: undefined symbol: igbinary_serialize)) in Unknown on line 0
[29-Aug-2024 19:44:01 America/Sao_Paulo] PHP Warning:  PHP Startup: Unable to load dynamic library 'gd' (tried: /usr/lib/php/20220829/gd (/usr/lib/php/20220829/gd: cannot open shared object file: No such file or directory), /usr/lib/php/20220829/gd.so (/usr/lib/php/20220829/gd.so: cannot open shared object file: No such file or directory)) in Unknown on line 0
[29-Aug-2024 19:44:01 America/Sao_Paulo] PHP Warning:  PHP Startup: Unable to load dynamic library 'redis.so' (tried: /usr/lib/php/20220829/redis.so (/usr/lib/php/20220829/redis.so: undefined symbol: igbinary_serialize), /usr/lib/php/20220829/redis.so.so (/usr/lib/php/20220829/redis.so.so: cannot open shared object file: No such file or directory)) in Unknown on line 0
[29-Aug-2024 19:44:01 America/Sao_Paulo] PHP Warning:  PHP Startup: Unable to load dynamic library 'redis' (tried: /usr/lib/php/20220829/redis (/usr/lib/php/20220829/redis: cannot open shared object file: No such file or directory), /usr/lib/php/20220829/redis.so (/usr/lib/php/20220829/redis.so: undefined symbol: igbinary_serialize)) in Unknown on line 0
[29-Aug-2024 20:16:39 America/Sao_Paulo] PHP Warning:  PHP Startup: Unable to load dynamic library 'gd' (tried: /usr/lib/php/20220829/gd (/usr/lib/php/20220829/gd: cannot open shared object file: No such file or directory), /usr/lib/php/20220829/gd.so (/usr/lib/php/20220829/gd.so: cannot open shared object file: No such file or directory)) in Unknown on line 0
[29-Aug-2024 20:16:39 America/Sao_Paulo] PHP Warning:  PHP Startup: Unable to load dynamic library 'redis.so' (tried: /usr/lib/php/20220829/redis.so (/usr/lib/php/20220829/redis.so: undefined symbol: igbinary_serialize), /usr/lib/php/20220829/redis.so.so (/usr/lib/php/20220829/redis.so.so: cannot open shared object file: No such file or directory)) in Unknown on line 0
[29-Aug-2024 20:16:39 America/Sao_Paulo] PHP Warning:  PHP Startup: Unable to load dynamic library 'redis' (tried: /usr/lib/php/20220829/redis (/usr/lib/php/20220829/redis: cannot open shared object file: No such file or directory), /usr/lib/php/20220829/redis.so (/usr/lib/php/20220829/redis.so: undefined symbol: igbinary_serialize)) in Unknown on line 0
[29-Aug-2024 23:17:01 UTC] PHP Fatal error:  Trait "Laravel\Sanctum\HasApiTokens" not found in /mnt/c/Users/TBAbestkid/Documents/Github/TellOver/app/Models/User.php on line 13
[29-Aug-2024 20:32:43 America/Sao_Paulo] PHP Warning:  PHP Startup: Unable to load dynamic library 'gd' (tried: /usr/lib/php/20220829/gd (/usr/lib/php/20220829/gd: cannot open shared object file: No such file or directory), /usr/lib/php/20220829/gd.so (/usr/lib/php/20220829/gd.so: cannot open shared object file: No such file or directory)) in Unknown on line 0
[29-Aug-2024 20:32:43 America/Sao_Paulo] PHP Warning:  PHP Startup: Unable to load dynamic library 'redis.so' (tried: /usr/lib/php/20220829/redis.so (/usr/lib/php/20220829/redis.so: undefined symbol: igbinary_serialize), /usr/lib/php/20220829/redis.so.so (/usr/lib/php/20220829/redis.so.so: cannot open shared object file: No such file or directory)) in Unknown on line 0
[29-Aug-2024 20:32:43 America/Sao_Paulo] PHP Warning:  PHP Startup: Unable to load dynamic library 'redis' (tried: /usr/lib/php/20220829/redis (/usr/lib/php/20220829/redis: cannot open shared object file: No such file or directory), /usr/lib/php/20220829/redis.so (/usr/lib/php/20220829/redis.so: undefined symbol: igbinary_serialize)) in Unknown on line 0
[29-Aug-2024 20:40:11 America/Sao_Paulo] PHP Warning:  PHP Startup: Unable to load dynamic library 'gd' (tried: /usr/lib/php/20220829/gd (/usr/lib/php/20220829/gd: cannot open shared object file: No such file or directory), /usr/lib/php/20220829/gd.so (/usr/lib/php/20220829/gd.so: cannot open shared object file: No such file or directory)) in Unknown on line 0
[29-Aug-2024 20:40:11 America/Sao_Paulo] PHP Warning:  PHP Startup: Unable to load dynamic library 'redis.so' (tried: /usr/lib/php/20220829/redis.so (/usr/lib/php/20220829/redis.so: undefined symbol: igbinary_serialize), /usr/lib/php/20220829/redis.so.so (/usr/lib/php/20220829/redis.so.so: cannot open shared object file: No such file or directory)) in Unknown on line 0
[29-Aug-2024 20:40:11 America/Sao_Paulo] PHP Warning:  PHP Startup: Unable to load dynamic library 'redis' (tried: /usr/lib/php/20220829/redis (/usr/lib/php/20220829/redis: cannot open shared object file: No such file or directory), /usr/lib/php/20220829/redis.so (/usr/lib/php/20220829/redis.so: undefined symbol: igbinary_serialize)) in Unknown on line 0
[29-Aug-2024 22:01:32 America/Sao_Paulo] PHP Warning:  PHP Startup: Unable to load dynamic library 'gd' (tried: /usr/lib/php/20220829/gd (/usr/lib/php/20220829/gd: cannot open shared object file: No such file or directory), /usr/lib/php/20220829/gd.so (/usr/lib/php/20220829/gd.so: cannot open shared object file: No such file or directory)) in Unknown on line 0
[29-Aug-2024 22:01:32 America/Sao_Paulo] PHP Warning:  PHP Startup: Unable to load dynamic library 'redis.so' (tried: /usr/lib/php/20220829/redis.so (/usr/lib/php/20220829/redis.so: undefined symbol: igbinary_serialize), /usr/lib/php/20220829/redis.so.so (/usr/lib/php/20220829/redis.so.so: cannot open shared object file: No such file or directory)) in Unknown on line 0
[29-Aug-2024 22:01:32 America/Sao_Paulo] PHP Warning:  PHP Startup: Unable to load dynamic library 'redis' (tried: /usr/lib/php/20220829/redis (/usr/lib/php/20220829/redis: cannot open shared object file: No such file or directory), /usr/lib/php/20220829/redis.so (/usr/lib/php/20220829/redis.so: undefined symbol: igbinary_serialize)) in Unknown on line 0
[29-Aug-2024 22:12:00 America/Sao_Paulo] PHP Warning:  PHP Startup: Unable to load dynamic library 'gd' (tried: /usr/lib/php/20220829/gd (/usr/lib/php/20220829/gd: cannot open shared object file: No such file or directory), /usr/lib/php/20220829/gd.so (/usr/lib/php/20220829/gd.so: cannot open shared object file: No such file or directory)) in Unknown on line 0
[29-Aug-2024 22:12:00 America/Sao_Paulo] PHP Warning:  PHP Startup: Unable to load dynamic library 'redis.so' (tried: /usr/lib/php/20220829/redis.so (/usr/lib/php/20220829/redis.so: undefined symbol: igbinary_serialize), /usr/lib/php/20220829/redis.so.so (/usr/lib/php/20220829/redis.so.so: cannot open shared object file: No such file or directory)) in Unknown on line 0
[29-Aug-2024 22:12:00 America/Sao_Paulo] PHP Warning:  PHP Startup: Unable to load dynamic library 'redis' (tried: /usr/lib/php/20220829/redis (/usr/lib/php/20220829/redis: cannot open shared object file: No such file or directory), /usr/lib/php/20220829/redis.so (/usr/lib/php/20220829/redis.so: undefined symbol: igbinary_serialize)) in Unknown on line 0
[18-Sep-2024 19:54:49 America/Sao_Paulo] PHP Warning:  PHP Startup: Unable to load dynamic library 'redis.so' (tried: /usr/lib/php/20220829/redis.so (/usr/lib/php/20220829/redis.so: undefined symbol: igbinary_serialize), /usr/lib/php/20220829/redis.so.so (/usr/lib/php/20220829/redis.so.so: cannot open shared object file: No such file or directory)) in Unknown on line 0
[18-Sep-2024 19:54:49 America/Sao_Paulo] PHP Warning:  PHP Startup: Unable to load dynamic library 'redis' (tried: /usr/lib/php/20220829/redis (/usr/lib/php/20220829/redis: cannot open shared object file: No such file or directory), /usr/lib/php/20220829/redis.so (/usr/lib/php/20220829/redis.so: undefined symbol: igbinary_serialize)) in Unknown on line 0
[18-Sep-2024 19:54:49 America/Sao_Paulo] PHP Warning:  Module "gd" is already loaded in Unknown on line 0
[18-Sep-2024 21:15:42 America/Sao_Paulo] PHP Warning:  PHP Startup: Unable to load dynamic library 'redis.so' (tried: /usr/lib/php/20220829/redis.so (/usr/lib/php/20220829/redis.so: undefined symbol: igbinary_serialize), /usr/lib/php/20220829/redis.so.so (/usr/lib/php/20220829/redis.so.so: cannot open shared object file: No such file or directory)) in Unknown on line 0
[18-Sep-2024 21:15:42 America/Sao_Paulo] PHP Warning:  PHP Startup: Unable to load dynamic library 'redis' (tried: /usr/lib/php/20220829/redis (/usr/lib/php/20220829/redis: cannot open shared object file: No such file or directory), /usr/lib/php/20220829/redis.so (/usr/lib/php/20220829/redis.so: undefined symbol: igbinary_serialize)) in Unknown on line 0
[18-Sep-2024 21:15:42 America/Sao_Paulo] PHP Warning:  Module "gd" is already loaded in Unknown on line 0
[19-Sep-2024 00:28:09 UTC] PHP Fatal error:  Maximum execution time of 30 seconds exceeded in /mnt/c/Users/TBAbestkid/Documents/GitHub/TellOver/vendor/laravel/framework/src/Illuminate/Foundation/Exceptions/Renderer/Exception.php on line 111
[19-Sep-2024 00:28:15 UTC] PHP Fatal error:  Maximum execution time of 30 seconds exceeded in /mnt/c/Users/TBAbestkid/Documents/GitHub/TellOver/vendor/laravel/framework/src/Illuminate/Foundation/Exceptions/Renderer/Exception.php on line 111
[19-Sep-2024 00:30:09 UTC] PHP Fatal error:  Maximum execution time of 30 seconds exceeded in /mnt/c/Users/TBAbestkid/Documents/GitHub/TellOver/vendor/laravel/framework/src/Illuminate/Foundation/Exceptions/Renderer/Exception.php on line 111
[19-Sep-2024 00:30:14 UTC] PHP Fatal error:  Maximum execution time of 30 seconds exceeded in /mnt/c/Users/TBAbestkid/Documents/GitHub/TellOver/vendor/laravel/framework/src/Illuminate/Foundation/Exceptions/Renderer/Exception.php on line 111
[19-Sep-2024 00:35:10 UTC] PHP Fatal error:  Maximum execution time of 30 seconds exceeded in /mnt/c/Users/TBAbestkid/Documents/GitHub/TellOver/vendor/laravel/framework/src/Illuminate/Foundation/Exceptions/Renderer/Exception.php on line 111
[19-Sep-2024 00:35:15 UTC] PHP Fatal error:  Maximum execution time of 30 seconds exceeded in /mnt/c/Users/TBAbestkid/Documents/GitHub/TellOver/vendor/laravel/framework/src/Illuminate/Foundation/Exceptions/Renderer/Exception.php on line 111
[19-Sep-2024 00:41:15 UTC] PHP Fatal error:  Maximum execution time of 30 seconds exceeded in /mnt/c/Users/TBAbestkid/Documents/GitHub/TellOver/vendor/laravel/framework/src/Illuminate/Foundation/Exceptions/Renderer/Exception.php on line 111
[19-Sep-2024 00:44:55 UTC] PHP Fatal error:  Maximum execution time of 30 seconds exceeded in /mnt/c/Users/TBAbestkid/Documents/GitHub/TellOver/vendor/laravel/framework/src/Illuminate/Foundation/Exceptions/Renderer/Exception.php on line 111
[19-Sep-2024 00:44:59 UTC] PHP Fatal error:  Maximum execution time of 30 seconds exceeded in /mnt/c/Users/TBAbestkid/Documents/GitHub/TellOver/vendor/laravel/framework/src/Illuminate/Foundation/Exceptions/Renderer/Exception.php on line 111
[19-Sep-2024 00:47:51 UTC] PHP Fatal error:  Maximum execution time of 30 seconds exceeded in /mnt/c/Users/TBAbestkid/Documents/GitHub/TellOver/vendor/laravel/framework/src/Illuminate/Foundation/Exceptions/Renderer/Exception.php on line 111
[19-Sep-2024 00:47:55 UTC] PHP Fatal error:  Maximum execution time of 30 seconds exceeded in /mnt/c/Users/TBAbestkid/Documents/GitHub/TellOver/vendor/laravel/framework/src/Illuminate/Foundation/Exceptions/Renderer/Exception.php on line 111
[19-Sep-2024 00:51:05 UTC] PHP Fatal error:  Maximum execution time of 30 seconds exceeded in /mnt/c/Users/TBAbestkid/Documents/GitHub/TellOver/vendor/laravel/framework/src/Illuminate/Foundation/Exceptions/Renderer/Exception.php on line 111
[19-Sep-2024 00:51:09 UTC] PHP Fatal error:  Maximum execution time of 30 seconds exceeded in /mnt/c/Users/TBAbestkid/Documents/GitHub/TellOver/vendor/laravel/framework/src/Illuminate/Foundation/Exceptions/Renderer/Exception.php on line 111
[19-Sep-2024 00:54:00 UTC] PHP Fatal error:  Maximum execution time of 30 seconds exceeded in /mnt/c/Users/TBAbestkid/Documents/GitHub/TellOver/vendor/laravel/framework/src/Illuminate/Foundation/Exceptions/Renderer/Exception.php on line 111
[19-Sep-2024 00:54:05 UTC] PHP Fatal error:  Maximum execution time of 30 seconds exceeded in /mnt/c/Users/TBAbestkid/Documents/GitHub/TellOver/vendor/laravel/framework/src/Illuminate/Foundation/Exceptions/Renderer/Exception.php on line 111
[19-Sep-2024 01:01:04 UTC] PHP Fatal error:  Maximum execution time of 30 seconds exceeded in /mnt/c/Users/TBAbestkid/Documents/GitHub/TellOver/vendor/laravel/framework/src/Illuminate/Foundation/Exceptions/Renderer/Exception.php on line 111
[19-Sep-2024 01:01:09 UTC] PHP Fatal error:  Maximum execution time of 30 seconds exceeded in /mnt/c/Users/TBAbestkid/Documents/GitHub/TellOver/vendor/laravel/framework/src/Illuminate/Foundation/Exceptions/Renderer/Exception.php on line 111
[19-Sep-2024 20:13:40 America/Sao_Paulo] PHP Warning:  PHP Startup: Unable to load dynamic library 'redis.so' (tried: /usr/lib/php/20220829/redis.so (/usr/lib/php/20220829/redis.so: undefined symbol: igbinary_serialize), /usr/lib/php/20220829/redis.so.so (/usr/lib/php/20220829/redis.so.so: cannot open shared object file: No such file or directory)) in Unknown on line 0
[19-Sep-2024 20:13:40 America/Sao_Paulo] PHP Warning:  PHP Startup: Unable to load dynamic library 'redis' (tried: /usr/lib/php/20220829/redis (/usr/lib/php/20220829/redis: cannot open shared object file: No such file or directory), /usr/lib/php/20220829/redis.so (/usr/lib/php/20220829/redis.so: undefined symbol: igbinary_serialize)) in Unknown on line 0
[19-Sep-2024 20:13:40 America/Sao_Paulo] PHP Warning:  Module "gd" is already loaded in Unknown on line 0
[19-Sep-2024 23:17:14 UTC] PHP Fatal error:  Maximum execution time of 30 seconds exceeded in /mnt/c/Users/TBAbestkid/Documents/GitHub/TellOver/vendor/laravel/framework/src/Illuminate/Foundation/Exceptions/Renderer/Exception.php on line 111
[19-Sep-2024 23:19:15 UTC] PHP Fatal error:  Maximum execution time of 30 seconds exceeded in /mnt/c/Users/TBAbestkid/Documents/GitHub/TellOver/vendor/laravel/framework/src/Illuminate/Foundation/Exceptions/Renderer/Exception.php on line 111
[19-Sep-2024 23:19:20 UTC] PHP Fatal error:  Maximum execution time of 30 seconds exceeded in /mnt/c/Users/TBAbestkid/Documents/GitHub/TellOver/vendor/laravel/framework/src/Illuminate/Foundation/Exceptions/Renderer/Exception.php on line 111
[19-Sep-2024 23:21:29 UTC] PHP Fatal error:  Maximum execution time of 30 seconds exceeded in /mnt/c/Users/TBAbestkid/Documents/GitHub/TellOver/vendor/laravel/framework/src/Illuminate/Foundation/Exceptions/Renderer/Exception.php on line 111
[19-Sep-2024 23:29:47 UTC] PHP Fatal error:  Maximum execution time of 30 seconds exceeded in /mnt/c/Users/TBAbestkid/Documents/GitHub/TellOver/vendor/laravel/framework/src/Illuminate/Foundation/Exceptions/Renderer/Exception.php on line 111
[19-Sep-2024 23:34:43 UTC] PHP Fatal error:  Maximum execution time of 30 seconds exceeded in /mnt/c/Users/TBAbestkid/Documents/GitHub/TellOver/vendor/laravel/framework/src/Illuminate/Foundation/Exceptions/Renderer/Exception.php on line 111
[19-Sep-2024 23:34:48 UTC] PHP Fatal error:  Maximum execution time of 30 seconds exceeded in /mnt/c/Users/TBAbestkid/Documents/GitHub/TellOver/vendor/laravel/framework/src/Illuminate/Foundation/Exceptions/Renderer/Exception.php on line 111
[19-Sep-2024 23:38:16 UTC] PHP Fatal error:  Maximum execution time of 30 seconds exceeded in /mnt/c/Users/TBAbestkid/Documents/GitHub/TellOver/vendor/laravel/framework/src/Illuminate/Foundation/Exceptions/Renderer/Exception.php on line 111
[19-Sep-2024 23:38:20 UTC] PHP Fatal error:  Maximum execution time of 30 seconds exceeded in /mnt/c/Users/TBAbestkid/Documents/GitHub/TellOver/vendor/laravel/framework/src/Illuminate/Foundation/Exceptions/Renderer/Exception.php on line 111
[19-Sep-2024 23:45:59 UTC] PHP Fatal error:  Maximum execution time of 30 seconds exceeded in /mnt/c/Users/TBAbestkid/Documents/GitHub/TellOver/vendor/laravel/framework/src/Illuminate/Foundation/Exceptions/Renderer/Exception.php on line 111
[19-Sep-2024 23:49:45 UTC] PHP Fatal error:  Maximum execution time of 30 seconds exceeded in /mnt/c/Users/TBAbestkid/Documents/GitHub/TellOver/vendor/laravel/framework/src/Illuminate/Foundation/Exceptions/Renderer/Exception.php on line 111
[19-Sep-2024 23:49:50 UTC] PHP Fatal error:  Maximum execution time of 30 seconds exceeded in /mnt/c/Users/TBAbestkid/Documents/GitHub/TellOver/vendor/laravel/framework/src/Illuminate/Foundation/Exceptions/Renderer/Exception.php on line 111
[19-Sep-2024 23:53:20 UTC] PHP Fatal error:  Maximum execution time of 30 seconds exceeded in /mnt/c/Users/TBAbestkid/Documents/GitHub/TellOver/vendor/laravel/framework/src/Illuminate/Foundation/Exceptions/Renderer/Exception.php on line 111
[19-Sep-2024 23:53:25 UTC] PHP Fatal error:  Maximum execution time of 30 seconds exceeded in /mnt/c/Users/TBAbestkid/Documents/GitHub/TellOver/vendor/laravel/framework/src/Illuminate/Foundation/Exceptions/Renderer/Exception.php on line 111
[19-Sep-2024 21:01:41 America/Sao_Paulo] PHP Warning:  PHP Startup: Unable to load dynamic library 'redis.so' (tried: /usr/lib/php/20220829/redis.so (/usr/lib/php/20220829/redis.so: undefined symbol: igbinary_serialize), /usr/lib/php/20220829/redis.so.so (/usr/lib/php/20220829/redis.so.so: cannot open shared object file: No such file or directory)) in Unknown on line 0
[19-Sep-2024 21:01:41 America/Sao_Paulo] PHP Warning:  PHP Startup: Unable to load dynamic library 'redis' (tried: /usr/lib/php/20220829/redis (/usr/lib/php/20220829/redis: cannot open shared object file: No such file or directory), /usr/lib/php/20220829/redis.so (/usr/lib/php/20220829/redis.so: undefined symbol: igbinary_serialize)) in Unknown on line 0
[19-Sep-2024 21:01:41 America/Sao_Paulo] PHP Warning:  Module "gd" is already loaded in Unknown on line 0
[20-Sep-2024 00:14:09 UTC] PHP Fatal error:  Maximum execution time of 30 seconds exceeded in /mnt/c/Users/TBAbestkid/Documents/GitHub/TellOver/vendor/laravel/framework/src/Illuminate/Foundation/Exceptions/Renderer/Exception.php on line 111
[20-Sep-2024 00:14:13 UTC] PHP Fatal error:  Maximum execution time of 30 seconds exceeded in /mnt/c/Users/TBAbestkid/Documents/GitHub/TellOver/vendor/laravel/framework/src/Illuminate/Foundation/Exceptions/Renderer/Exception.php on line 111
